Using pre-set license
Built from '2020.3/staging' branch; Version is '2020.3.26f1 (7298b473bc1a) revision 7510196'; Using compiler version '192528614'; Build Type 'Release'
OS: 'Windows 11  (10.0.22000) 64bit Core' Language: 'en' Physical Memory: 16265 MB
BatchMode: 1, IsHumanControllingUs: 0, StartBugReporterOnCrash: 0, Is64bit: 1, IsPro: 0

COMMAND LINE ARGUMENTS:
C:\Program Files\Unity\Hub\Editor\2020.3.26f1\Editor\Unity.exe
-adb2
-batchMode
-noUpm
-name
AssetImportWorker0
-projectPath
C:/Users/carst/Documents/GitHub/FightingGameProject
-logFile
Logs/AssetImportWorker0.log
-srvPort
62954
Successfully changed project path to: C:/Users/carst/Documents/GitHub/FightingGameProject
C:/Users/carst/Documents/GitHub/FightingGameProject
Using Asset Import Pipeline V2.
Refreshing native plugins compatible for Editor in 33.92 ms, found 3 plugins.
Preloading 0 native plugins for Editor in 0.00 ms.
Initialize engine version: 2020.3.26f1 (7298b473bc1a)
[Subsystems] Discovering subsystems at path C:/Program Files/Unity/Hub/Editor/2020.3.26f1/Editor/Data/Resources/UnitySubsystems
[Subsystems] Discovering subsystems at path C:/Users/carst/Documents/GitHub/FightingGameProject/Assets
GfxDevice: creating device client; threaded=0
Direct3D:
    Version:  Direct3D 11.0 [level 11.1]
    Renderer: NVIDIA GeForce RTX 3060 Ti (ID=0x2489)
    Vendor:   
    VRAM:     8050 MB
    Driver:   30.0.15.1123
Initialize mono
Mono path[0] = 'C:/Program Files/Unity/Hub/Editor/2020.3.26f1/Editor/Data/Managed'
Mono path[1] = 'C:/Program Files/Unity/Hub/Editor/2020.3.26f1/Editor/Data/MonoBleedingEdge/lib/mono/unityjit'
Mono config path = 'C:/Program Files/Unity/Hub/Editor/2020.3.26f1/Editor/Data/MonoBleedingEdge/etc'
Using monoOptions --debugger-agent=transport=dt_socket,embedding=1,server=y,suspend=n,address=127.0.0.1:56380
Begin MonoManager ReloadAssembly
Registering precompiled unity dll's ...
Register platform support module: C:/Program Files/Unity/Hub/Editor/2020.3.26f1/Editor/Data/PlaybackEngines/WindowsStandaloneSupport/UnityEditor.WindowsStandalone.Extensions.dll
Registered in 0.000812 seconds.
Native extension for WindowsStandalone target not found
Refreshing native plugins compatible for Editor in 33.45 ms, found 3 plugins.
Preloading 0 native plugins for Editor in 0.00 ms.
Mono: successfully reloaded assembly
- Completed reload, in  0.400 seconds
Domain Reload Profiling:
	ReloadAssembly (400ms)
		BeginReloadAssembly (34ms)
			ExecutionOrderSort (0ms)
			DisableScriptedObjects (0ms)
			BackupInstance (0ms)
			ReleaseScriptingObjects (0ms)
			CreateAndSetChildDomain (1ms)
		EndReloadAssembly (317ms)
			LoadAssemblies (33ms)
			RebuildTransferFunctionScriptingTraits (0ms)
			SetupTypeCache (105ms)
			ReleaseScriptCaches (0ms)
			RebuildScriptCaches (20ms)
			SetupLoadedEditorAssemblies (124ms)
				LogAssemblyErrors (0ms)
				InitializePlatformSupportModulesInManaged (3ms)
				SetLoadedEditorAssemblies (0ms)
				RefreshPlugins (34ms)
				BeforeProcessingInitializeOnLoad (6ms)
				ProcessInitializeOnLoadAttributes (61ms)
				ProcessInitializeOnLoadMethodAttributes (21ms)
				AfterProcessingInitializeOnLoad (0ms)
				EditorAssembliesLoaded (0ms)
			ExecutionOrderSort2 (0ms)
			AwakeInstancesAfterBackupRestoration (0ms)
Platform modules already initialized, skipping
Registering precompiled user dll's ...
Registered in 0.002378 seconds.
Begin MonoManager ReloadAssembly
Native extension for WindowsStandalone target not found
Refreshing native plugins compatible for Editor in 34.44 ms, found 3 plugins.
Preloading 0 native plugins for Editor in 0.00 ms.
Mono: successfully reloaded assembly
- Completed reload, in  0.767 seconds
Domain Reload Profiling:
	ReloadAssembly (768ms)
		BeginReloadAssembly (94ms)
			ExecutionOrderSort (0ms)
			DisableScriptedObjects (3ms)
			BackupInstance (0ms)
			ReleaseScriptingObjects (0ms)
			CreateAndSetChildDomain (13ms)
		EndReloadAssembly (631ms)
			LoadAssemblies (59ms)
			RebuildTransferFunctionScriptingTraits (0ms)
			SetupTypeCache (212ms)
			ReleaseScriptCaches (0ms)
			RebuildScriptCaches (33ms)
			SetupLoadedEditorAssemblies (243ms)
				LogAssemblyErrors (0ms)
				InitializePlatformSupportModulesInManaged (3ms)
				SetLoadedEditorAssemblies (0ms)
				RefreshPlugins (34ms)
				BeforeProcessingInitializeOnLoad (46ms)
				ProcessInitializeOnLoadAttributes (145ms)
				ProcessInitializeOnLoadMethodAttributes (12ms)
				AfterProcessingInitializeOnLoad (2ms)
				EditorAssembliesLoaded (0ms)
			ExecutionOrderSort2 (0ms)
			AwakeInstancesAfterBackupRestoration (4ms)
Platform modules already initialized, skipping
========================================================================
Worker process is ready to serve import requests
Launched and connected shader compiler UnityShaderCompiler.exe after 0.03 seconds
Refreshing native plugins compatible for Editor in 0.31 ms, found 3 plugins.
Preloading 0 native plugins for Editor in 0.00 ms.
Unloading 2198 Unused Serialized files (Serialized files now loaded: 0)
System memory in use before: 95.9 MB.
System memory in use after: 96.0 MB.

Unloading 28 unused Assets to reduce memory usage. Loaded Objects now: 2631.
Total: 1.913700 ms (FindLiveObjects: 0.104700 ms CreateObjectMapping: 0.044100 ms MarkObjects: 1.718500 ms  DeleteObjects: 0.045800 ms)

AssetImportParameters requested are different than current active one (requested -> active):
  custom:framework-win-MediaFoundation: 216162199b28c13a410421893ffa2e32 -> 
  custom:video-decoder-ogg-theora: a1e56fd34408186e4bbccfd4996cb3dc -> 
  custom:container-muxer-webm: aa71ff27fc2769a1b78a27578f13a17b -> 
  custom:container-demuxer-webm: 4f35f7cbe854078d1ac9338744f61a02 -> 
  custom:container-demuxer-ogg: 62fdf1f143b41e24485cea50d1cbac27 -> 
  custom:video-encoder-webm-vp8: eb34c28f22e8b96e1ab97ce403110664 -> 
  custom:video-decoder-webm-vp8: 9c59270c3fd7afecdb556c50c9e8de78 -> 
  custom:audio-decoder-ogg-vorbis: bf7c407c2cedff20999df2af8eb42d56 -> 
  custom:audio-encoder-webm-vorbis: bf7c407c2cedff20999df2af8eb42d56 -> 
========================================================================
Received Import Request.
  path: Assets/Scenes/DemoLevel.unity
  artifactKey: Guid(c7eca0e81dfaf3444b1aa110787103df) Importer(815301076,1909f56bfc062723c751e8b465ee728b)
Start importing Assets/Scenes/DemoLevel.unity using Guid(c7eca0e81dfaf3444b1aa110787103df) Importer(815301076,1909f56bfc062723c751e8b465ee728b)  -> (artifact id: '96ad5a32f060e188eba70f1cfe000b10') in 0.012051 seconds 
  Import took 0.014310 seconds .

========================================================================
Received Import Request.
  Time since last request: 7.594429 seconds.
  path: Assets/Scenes/CharacterSelect.unity
  artifactKey: Guid(708aaec6f490d054c9ae7c87b3317625) Importer(815301076,1909f56bfc062723c751e8b465ee728b)
Start importing Assets/Scenes/CharacterSelect.unity using Guid(708aaec6f490d054c9ae7c87b3317625) Importer(815301076,1909f56bfc062723c751e8b465ee728b)  -> (artifact id: '7b78d0861cff65901fceb06ffa4cd346') in 0.002260 seconds 
  Import took 0.005110 seconds .

========================================================================
Received Import Request.
  Time since last request: 12.392576 seconds.
  path: Assets/Character/Shoto/Imgs/ShotoGroundIdle.png
  artifactKey: Guid(23c446710be77764790ef03028b47893) Importer(815301076,1909f56bfc062723c751e8b465ee728b)
Start importing Assets/Character/Shoto/Imgs/ShotoGroundIdle.png using Guid(23c446710be77764790ef03028b47893) Importer(815301076,1909f56bfc062723c751e8b465ee728b)  -> (artifact id: 'e5cc0977758f899e6714a5c877a0acda') in 0.060130 seconds 
  Import took 0.062723 seconds .

========================================================================
Received Import Request.
  Time since last request: 0.000133 seconds.
  path: Assets/Character/Shoto/Imgs/ShotoWalk.png
  artifactKey: Guid(7fc98dbbe6a2c7049ab1cde86d3d407d) Importer(815301076,1909f56bfc062723c751e8b465ee728b)
Start importing Assets/Character/Shoto/Imgs/ShotoWalk.png using Guid(7fc98dbbe6a2c7049ab1cde86d3d407d) Importer(815301076,1909f56bfc062723c751e8b465ee728b)  -> (artifact id: '38bac8f713911a4ce535a6a55f827170') in 0.024850 seconds 
  Import took 0.027192 seconds .

========================================================================
Received Import Request.
  Time since last request: 0.000172 seconds.
  path: Assets/Character/Shoto/Imgs/ShotoStandingLight.png
  artifactKey: Guid(956ccf187b2e5474aa70be6cc55dbfd9) Importer(815301076,1909f56bfc062723c751e8b465ee728b)
Start importing Assets/Character/Shoto/Imgs/ShotoStandingLight.png using Guid(956ccf187b2e5474aa70be6cc55dbfd9) Importer(815301076,1909f56bfc062723c751e8b465ee728b)  -> (artifact id: '2c5bb9b625543f0df7d12a481cf8364a') in 0.019206 seconds 
  Import took 0.021499 seconds .

========================================================================
Received Import Request.
  Time since last request: 0.000109 seconds.
  path: Assets/Character/Shoto/Imgs/shotoTatsu.png
  artifactKey: Guid(3f480f34effaeda40a3b7836f57b8489) Importer(815301076,1909f56bfc062723c751e8b465ee728b)
Start importing Assets/Character/Shoto/Imgs/shotoTatsu.png using Guid(3f480f34effaeda40a3b7836f57b8489) Importer(815301076,1909f56bfc062723c751e8b465ee728b)  -> (artifact id: '9a24a568f04630f72cceb781b938daf6') in 0.052099 seconds 
  Import took 0.054403 seconds .

AssetImportWorkerClient::OnTransportError - code=2 error=End of file
